build/app/intermediates/manifest_merge_blame_file/release/manifest-merger-blame-release-report.txt
1<?xml version="1.0" encoding="utf-8"?>
2<manifest xmlns:android="http://schemas.android.com/apk/res/android"
3    package="com.example.inovolatask"
4    android:versionCode="1"
5    android:versionName="1.0.0" >
6
7    <uses-sdk
8        android:minSdkVersion="20"
8-->src\main\AndroidManifest.xml
9        android:targetSdkVersion="31" />
9-->src\main\AndroidManifest.xml
10
11    <uses-permission android:name="android.permission.INTERNET" />
11-->src\main\AndroidManifest.xml:4:5-67
11-->src\main\AndroidManifest.xml:4:22-64
12    <uses-permission android:name="android.permission.ACCESS_COARSE_LOCATION" />
12-->src\main\AndroidManifest.xml:5:5-81
12-->src\main\AndroidManifest.xml:5:22-78
13    <uses-permission android:name="android.permission.ACCESS_FINE_LOCATION" />
13-->src\main\AndroidManifest.xml:6:5-79
13-->src\main\AndroidManifest.xml:6:22-76
14    <uses-permission android:name="android.permission.QUERY_ALL_PACKAGES" />
14-->src\main\AndroidManifest.xml:7:5-77
14-->src\main\AndroidManifest.xml:7:22-74
15    <uses-permission android:name="android.permission.ACCESS_BACKGROUND_LOCATION" />
15-->src\main\AndroidManifest.xml:8:5-85
15-->src\main\AndroidManifest.xml:8:22-82
16
17    <queries>
17-->src\main\AndroidManifest.xml:10:5-16:15
18
19        <!-- If your app opens https URLs -->
20        <intent>
20-->src\main\AndroidManifest.xml:12:9-15:18
21            <action android:name="android.intent.action.VIEW" />
21-->src\main\AndroidManifest.xml:13:13-65
21-->src\main\AndroidManifest.xml:13:21-62
22
23            <data android:scheme="https" />
23-->src\main\AndroidManifest.xml:14:13-44
23-->src\main\AndroidManifest.xml:14:19-41
24        </intent>
25        <!-- Needs to be explicitly declared on Android R+ -->
26        <package android:name="com.google.android.apps.maps" />
26-->[com.google.android.gms:play-services-maps:18.0.2] AndroidManifest.xml:33:9-64
26-->[com.google.android.gms:play-services-maps:18.0.2] AndroidManifest.xml:33:18-61
27    </queries>
28
29    <uses-permission android:name="android.permission.FOREGROUND_SERVICE" /> <!-- Include required permissions for Google Maps API to run. -->
29-->[:geolocator_android] AndroidManifest.xml:7:5-77
29-->[:geolocator_android] AndroidManifest.xml:7:22-74
30    <uses-permission android:name="android.permission.ACCESS_NETWORK_STATE" />
30-->[com.google.android.gms:play-services-maps:18.0.2] AndroidManifest.xml:23:5-79
30-->[com.google.android.gms:play-services-maps:18.0.2] AndroidManifest.xml:23:22-76
31
32    <uses-feature
32-->[com.google.android.gms:play-services-maps:18.0.2] AndroidManifest.xml:26:5-28:35
33        android:glEsVersion="0x00020000"
33-->[com.google.android.gms:play-services-maps:18.0.2] AndroidManifest.xml:27:9-41
34        android:required="true" />
34-->[com.google.android.gms:play-services-maps:18.0.2] AndroidManifest.xml:28:9-32
35
36    <application
37        android:name="android.app.Application"
37-->src\main\AndroidManifest.xml:18:9-42
38        android:appComponentFactory="androidx.core.app.CoreComponentFactory"
38-->[androidx.core:core:1.6.0] AndroidManifest.xml:24:18-86
39        android:icon="@mipmap/ic_launcher"
39-->src\main\AndroidManifest.xml:19:9-43
40        android:label="inovolatask" >
40-->src\main\AndroidManifest.xml:20:9-36
41        <meta-data
41-->src\main\AndroidManifest.xml:21:9-23:71
42            android:name="com.google.android.geo.API_KEY"
42-->src\main\AndroidManifest.xml:22:13-58
43            android:value="AIzaSyD4BfBM9coQMwggb811oOO1_IGjBorAhgY" />
43-->src\main\AndroidManifest.xml:23:13-68
44
45        <activity
45-->src\main\AndroidManifest.xml:24:9-43:20
46            android:name="com.example.inovolatask.MainActivity"
46-->src\main\AndroidManifest.xml:25:13-41
47            android:configChanges="orientation|keyboardHidden|keyboard|screenSize|smallestScreenSize|locale|layoutDirection|fontScale|screenLayout|density|uiMode"
47-->src\main\AndroidManifest.xml:26:13-163
48            android:exported="true"
48-->src\main\AndroidManifest.xml:27:13-36
49            android:hardwareAccelerated="true"
49-->src\main\AndroidManifest.xml:28:13-47
50            android:launchMode="singleTop"
50-->src\main\AndroidManifest.xml:29:13-43
51            android:theme="@style/LaunchTheme"
51-->src\main\AndroidManifest.xml:30:13-47
52            android:windowSoftInputMode="adjustResize" >
52-->src\main\AndroidManifest.xml:31:13-55
53
54            <!--
55                 Specifies an Android theme to apply to this Activity as soon as
56                 the Android process has started. This theme is visible to the user
57                 while the Flutter UI initializes. After that, this theme continues
58                 to determine the Window background behind the Flutter UI.
59            -->
60            <meta-data
60-->src\main\AndroidManifest.xml:36:13-38:57
61                android:name="io.flutter.embedding.android.NormalTheme"
61-->src\main\AndroidManifest.xml:37:17-72
62                android:resource="@style/NormalTheme" />
62-->src\main\AndroidManifest.xml:38:17-54
63
64            <intent-filter>
64-->src\main\AndroidManifest.xml:39:13-42:29
65                <action android:name="android.intent.action.MAIN" />
65-->src\main\AndroidManifest.xml:40:17-69
65-->src\main\AndroidManifest.xml:40:25-66
66
67                <category android:name="android.intent.category.LAUNCHER" />
67-->src\main\AndroidManifest.xml:41:17-77
67-->src\main\AndroidManifest.xml:41:27-74
68            </intent-filter>
69        </activity>
70        <!--
71             Don't delete the meta-data below.
72             This is used by the Flutter tool to generate GeneratedPluginRegistrant.java
73        -->
74        <meta-data
74-->src\main\AndroidManifest.xml:46:9-48:33
75            android:name="flutterEmbedding"
75-->src\main\AndroidManifest.xml:47:13-44
76            android:value="2" />
76-->src\main\AndroidManifest.xml:48:13-30
77
78        <service
78-->[:geolocator_android] AndroidManifest.xml:10:9-14:56
79            android:name="com.baseflow.geolocator.GeolocatorLocationService"
79-->[:geolocator_android] AndroidManifest.xml:11:13-77
80            android:enabled="true"
80-->[:geolocator_android] AndroidManifest.xml:12:13-35
81            android:exported="false"
81-->[:geolocator_android] AndroidManifest.xml:13:13-37
82            android:foregroundServiceType="location" />
82-->[:geolocator_android] AndroidManifest.xml:14:13-53
83        <service
83-->[:location] AndroidManifest.xml:11:9-15:56
84            android:name="com.lyokone.location.FlutterLocationService"
84-->[:location] AndroidManifest.xml:12:13-71
85            android:enabled="true"
85-->[:location] AndroidManifest.xml:13:13-35
86            android:exported="false"
86-->[:location] AndroidManifest.xml:14:13-37
87            android:foregroundServiceType="location" /> <!-- Needs to be explicitly declared on P+ -->
87-->[:location] AndroidManifest.xml:15:13-53
88        <uses-library
88-->[com.google.android.gms:play-services-maps:18.0.2] AndroidManifest.xml:39:9-41:40
89            android:name="org.apache.http.legacy"
89-->[com.google.android.gms:play-services-maps:18.0.2] AndroidManifest.xml:40:13-50
90            android:required="false" />
90-->[com.google.android.gms:play-services-maps:18.0.2] AndroidManifest.xml:41:13-37
91
92        <activity
92-->[com.google.android.gms:play-services-base:18.0.1] AndroidManifest.xml:20:9-22:45
93            android:name="com.google.android.gms.common.api.GoogleApiActivity"
93-->[com.google.android.gms:play-services-base:18.0.1] AndroidManifest.xml:20:19-85
94            android:exported="false"
94-->[com.google.android.gms:play-services-base:18.0.1] AndroidManifest.xml:22:19-43
95            android:theme="@android:style/Theme.Translucent.NoTitleBar" />
95-->[com.google.android.gms:play-services-base:18.0.1] AndroidManifest.xml:21:19-78
96
97        <meta-data
97-->[com.google.android.gms:play-services-basement:18.0.0] AndroidManifest.xml:21:9-23:69
98            android:name="com.google.android.gms.version"
98-->[com.google.android.gms:play-services-basement:18.0.0] AndroidManifest.xml:22:13-58
99            android:value="@integer/google_play_services_version" />
99-->[com.google.android.gms:play-services-basement:18.0.0] AndroidManifest.xml:23:13-66
100    </application>
101
102</manifest>